<?xml version="1.0" encoding="UTF-8"?>
<!-- Generated by org.testng.reporters.JUnitReportReporter -->
<testsuite skipped="0" hostname="SONY-PC" name="org.tk.LaunchAmazon" tests="1" failures="0" timestamp="14 Jan 2020 09:10:32 GMT" time="11.361" errors="0">
  <testcase name="m2" time="11.361" classname="org.tk.LaunchAmazon"/>
</testsuite> <!-- org.tk.LaunchAmazon -->
