<?xml version="1.0" encoding="UTF-8"?>
<!-- Generated by org.testng.reporters.JUnitReportReporter -->
<testsuite skipped="0" hostname="SONY-PC" name="org.tk.Launch" tests="1" failures="0" timestamp="14 Jan 2020 09:10:32 GMT" time="6.112" errors="0">
  <testcase name="m1" time="6.112" classname="org.tk.Launch"/>
</testsuite> <!-- org.tk.Launch -->
